<?xml version="1.0" encoding="UTF-8"?>
<testng-results ignored="0" total="2" passed="2" failed="0" skipped="0">
  <reporter-output>
  </reporter-output>
  <suite started-at="2021-09-28T11:41:27 IST" name="SampleSuite" finished-at="2021-09-28T11:42:17 IST" duration-ms="49886">
    <groups>
    </groups>
    <test started-at="2021-09-28T11:41:27 IST" name="SampleTest01" finished-at="2021-09-28T11:41:50 IST" duration-ms="22281">
      <class name="seleniumproject.RecorderScript">
        <test-method is-config="true" signature="setup(java.lang.String)[pri:0, instance:seleniumproject.RecorderScript@1e04fa0a]" started-at="2021-09-28T11:41:27 IST" name="setup" finished-at="2021-09-28T11:41:31 IST" duration-ms="3918" status="PASS">
          <params>
            <param index="0">
              <value>
                <![CDATA[Chrome]]>
              </value>
            </param>
          </params>
          <reporter-output>
          </reporter-output>
        </test-method> <!-- setup -->
        <test-method signature="testParameterWithXML()[pri:0, instance:seleniumproject.RecorderScript@1e04fa0a]" started-at="2021-09-28T11:41:31 IST" name="testParameterWithXML" finished-at="2021-09-28T11:41:50 IST" duration-ms="18279" status="PASS">
          <reporter-output>
          </reporter-output>
        </test-method> <!-- testParameterWithXML -->
      </class> <!-- seleniumproject.RecorderScript -->
    </test> <!-- SampleTest01 -->
    <test started-at="2021-09-28T11:41:50 IST" name="SampleTest02" finished-at="2021-09-28T11:42:17 IST" duration-ms="27540">
      <class name="seleniumproject.RecorderScript">
        <test-method is-config="true" signature="setup(java.lang.String)[pri:0, instance:seleniumproject.RecorderScript@27462a88]" started-at="2021-09-28T11:41:50 IST" name="setup" finished-at="2021-09-28T11:41:57 IST" duration-ms="6873" status="PASS">
          <params>
            <param index="0">
              <value>
                <![CDATA[Firefox]]>
              </value>
            </param>
          </params>
          <reporter-output>
          </reporter-output>
        </test-method> <!-- setup -->
        <test-method signature="testParameterWithXML()[pri:0, instance:seleniumproject.RecorderScript@27462a88]" started-at="2021-09-28T11:41:57 IST" name="testParameterWithXML" finished-at="2021-09-28T11:42:17 IST" duration-ms="20661" status="PASS">
          <reporter-output>
          </reporter-output>
        </test-method> <!-- testParameterWithXML -->
      </class> <!-- seleniumproject.RecorderScript -->
    </test> <!-- SampleTest02 -->
  </suite> <!-- SampleSuite -->
</testng-results>
